--------------------------------------------------------------------------------
Release 14.7 Trace  (nt)
Copyright (c) 1995-2013 Xilinx, Inc.  All rights reserved.

C:\Xilinx\14.7\ISE_DS\ISE\bin\nt\unwrapped\trce.exe -intstyle ise -v 3 -s 4 -n
3 -fastpaths -xml circuitoVojabes.twx circuitoVojabes.ncd -o
circuitoVojabes.twr circuitoVojabes.pcf -ucf circuitoVojabes.ucf

Design file:              circuitoVojabes.ncd
Physical constraint file: circuitoVojabes.pcf
Device,package,speed:     xc3s500e,fg320,-4 (PRODUCTION 1.27 2013-10-13)
Report level:             verbose report

Environment Variable      Effect 
--------------------      ------ 
NONE                      No environment variables were set
--------------------------------------------------------------------------------

INFO:Timing:2698 - No timing constraints found, doing default enumeration.
INFO:Timing:3412 - To improve timing, see the Timing Closure User Guide (UG612).
INFO:Timing:2752 - To get complete path coverage, use the unconstrained paths 
   option. All paths that are not constrained will be reported in the 
   unconstrained paths section(s) of the report.
INFO:Timing:3339 - The clock-to-out numbers in this timing report are based on 
   a 50 Ohm transmission line loading model.  For the details of this model, 
   and for more information on accounting for different loading conditions, 
   please see the device datasheet.
INFO:Timing:3390 - This architecture does not support a default System Jitter 
   value, please add SYSTEM_JITTER constraint to the UCF to modify the Clock 
   Uncertainty calculation.
INFO:Timing:3389 - This architecture does not support 'Discrete Jitter' and 
   'Phase Error' calculations, these terms will be zero in the Clock 
   Uncertainty calculation.  Please make appropriate modification to 
   SYSTEM_JITTER to account for the unsupported Discrete Jitter and Phase 
   Error.



Data Sheet report:
-----------------
All values displayed in nanoseconds (ns)

Pad to Pad
---------------+---------------+---------+
Source Pad     |Destination Pad|  Delay  |
---------------+---------------+---------+
X              |FA             |   10.638|
X              |FC             |   11.248|
X              |FD             |   11.041|
X              |FE             |   10.385|
X              |FF             |   11.504|
X              |FG             |   10.648|
Y              |FA             |    9.395|
Y              |FB             |    9.431|
Y              |FC             |    9.850|
Y              |FD             |    9.823|
Y              |FE             |    9.458|
Y              |FF             |   10.508|
Y              |FG             |    9.779|
Z              |FA             |   10.214|
Z              |FB             |   10.504|
Z              |FC             |   11.479|
Z              |FD             |   10.974|
Z              |FE             |   10.586|
Z              |FF             |   11.516|
Z              |FG             |   10.842|
---------------+---------------+---------+


Analysis completed Wed Oct 07 20:14:47 2020 
--------------------------------------------------------------------------------

Trace Settings:
-------------------------
Trace Settings 

Peak Memory Usage: 139 MB



